<?xml version="1.0" encoding="UTF-8"?>
<!-- Generated by org.testng.reporters.JUnitReportReporter -->
<testsuite hostname="DESKTOP-4DC0283" failures="0" tests="1" name="com.automationexercise.test.AddReviewOnProduct" time="28.224" errors="0" timestamp="2024-03-22T00:26:13 IST" skipped="0">
  <testcase classname="com.automationexercise.test.AddReviewOnProduct" name="AddReview" time="28.224"/>
  <system-out/>
</testsuite> <!-- com.automationexercise.test.AddReviewOnProduct -->
