<?xml version="1.0" encoding="UTF-8"?>
<!-- Generated by org.testng.reporters.JUnitReportReporter -->
<testsuite hostname="DESKTOP-4DC0283" failures="0" tests="1" name="com.automationexercise.test.AToCFromRecommendedItems" time="29.660" errors="0" timestamp="2024-03-22T00:26:53 IST" skipped="0">
  <testcase classname="com.automationexercise.test.AToCFromRecommendedItems" name="AToCFrRecItems" time="29.660"/>
  <system-out/>
</testsuite> <!-- com.automationexercise.test.AToCFromRecommendedItems -->
