<?xml version="1.0" encoding="UTF-8"?>
<!-- Generated by org.testng.reporters.JUnitReportReporter -->
<testsuite hostname="DESKTOP-4DC0283" failures="0" tests="2" name="com.automationexercise.test.scrollActions" time="45.863" errors="0" timestamp="2024-03-22T00:38:32 IST" skipped="0">
  <testcase classname="com.automationexercise.test.scrollActions" name="VerifyscrollUPWithoutArrow" time="23.456"/>
  <system-out/>
  <testcase classname="com.automationexercise.test.scrollActions" name="VerifyScrollUpUsingArrow" time="22.407"/>
  <system-out/>
</testsuite> <!-- com.automationexercise.test.scrollActions -->
