<?xml version="1.0" encoding="UTF-8"?>
<!-- Generated by org.testng.reporters.JUnitReportReporter -->
<testsuite hostname="DESKTOP-4DC0283" failures="0" tests="1" name="com.automationexercise.test.ProductDetails" time="24.176" errors="0" timestamp="2024-03-22T00:37:39 IST" skipped="0">
  <testcase classname="com.automationexercise.test.ProductDetails" name="ProdDetails" time="24.176"/>
  <system-out/>
</testsuite> <!-- com.automationexercise.test.ProductDetails -->
