<?xml version="1.0" encoding="UTF-8"?>
<!-- Generated by org.testng.reporters.JUnitReportReporter -->
<testsuite hostname="DESKTOP-4DC0283" failures="0" tests="1" name="com.automationexercise.test.AddProductInCartTest" time="26.559" errors="0" timestamp="2024-03-22T00:25:34 IST" skipped="0">
  <testcase classname="com.automationexercise.test.AddProductInCartTest" name="addProductInCart" time="26.559"/>
  <system-out/>
</testsuite> <!-- com.automationexercise.test.AddProductInCartTest -->
