<?xml version="1.0" encoding="UTF-8"?>
<!-- Generated by org.testng.reporters.JUnitReportReporter -->
<testsuite hostname="DESKTOP-4DC0283" failures="0" tests="1" name="com.automationexercise.test.VerifySubscriptionText" time="24.296" errors="0" timestamp="2024-03-22T00:39:07 IST" skipped="0">
  <testcase classname="com.automationexercise.test.VerifySubscriptionText" name="VerifySubscriptionT" time="24.296"/>
  <system-out/>
</testsuite> <!-- com.automationexercise.test.VerifySubscriptionText -->
